Determining if the pthread_create exist failed with the following output:
Change Dir: /home/user/catkin_ws/build/catkin_tools_prebuild/CMakeFiles/CMakeTmp

Run Build Command:"/usr/bin/make" "cmTC_7eeae/fast"
/usr/bin/make -f CMakeFiles/cmTC_7eeae.dir/build.make CMakeFiles/cmTC_7eeae.dir/build
make[1]: 디렉터리 '/home/user/catkin_ws/build/catkin_tools_prebuild/CMakeFiles/CMakeTmp' 들어감
Building C object CMakeFiles/cmTC_7eeae.dir/CheckSymbolExists.c.o
/usr/bin/cc    -o CMakeFiles/cmTC_7eeae.dir/CheckSymbolExists.c.o   -c /home/user/catkin_ws/build/catkin_tools_prebuild/CMakeFiles/CMakeTmp/CheckSymbolExists.c
Linking C executable cmTC_7eeae
/usr/bin/cmake -E cmake_link_script CMakeFiles/cmTC_7eeae.dir/link.txt --verbose=1
/usr/bin/cc      -rdynamic CMakeFiles/cmTC_7eeae.dir/CheckSymbolExists.c.o  -o cmTC_7eeae 
CMakeFiles/cmTC_7eeae.dir/CheckSymbolExists.c.o: In function `main':
CheckSymbolExists.c:(.text+0x1b): undefined reference to `pthread_create'
collect2: error: ld returned 1 exit status
CMakeFiles/cmTC_7eeae.dir/build.make:97: recipe for target 'cmTC_7eeae' failed
make[1]: *** [cmTC_7eeae] Error 1
make[1]: 디렉터리 '/home/user/catkin_ws/build/catkin_tools_prebuild/CMakeFiles/CMakeTmp' 나감
Makefile:126: recipe for target 'cmTC_7eeae/fast' failed
make: *** [cmTC_7eeae/fast] Error 2

File /home/user/catkin_ws/build/catkin_tools_prebuild/CMakeFiles/CMakeTmp/CheckSymbolExists.c:
/* */
#include <pthread.h>

int main(int argc, char** argv)
{
  (void)argv;
#ifndef pthread_create
  return ((int*)(&pthread_create))[argc];
#else
  (void)argc;
  return 0;
#endif
}

Determining if the function pthread_create exists in the pthreads failed with the following output:
Change Dir: /home/user/catkin_ws/build/catkin_tools_prebuild/CMakeFiles/CMakeTmp

Run Build Command:"/usr/bin/make" "cmTC_be81c/fast"
/usr/bin/make -f CMakeFiles/cmTC_be81c.dir/build.make CMakeFiles/cmTC_be81c.dir/build
make[1]: 디렉터리 '/home/user/catkin_ws/build/catkin_tools_prebuild/CMakeFiles/CMakeTmp' 들어감
Building C object CMakeFiles/cmTC_be81c.dir/CheckFunctionExists.c.o
/usr/bin/cc   -DCHECK_FUNCTION_EXISTS=pthread_create   -o CMakeFiles/cmTC_be81c.dir/CheckFunctionExists.c.o   -c /usr/share/cmake-3.10/Modules/CheckFunctionExists.c
Linking C executable cmTC_be81c
/usr/bin/cmake -E cmake_link_script CMakeFiles/cmTC_be81c.dir/link.txt --verbose=1
/usr/bin/cc  -DCHECK_FUNCTION_EXISTS=pthread_create    -rdynamic CMakeFiles/cmTC_be81c.dir/CheckFunctionExists.c.o  -o cmTC_be81c -lpthreads 
/usr/bin/ld: cannot find -lpthreads
collect2: error: ld returned 1 exit status
CMakeFiles/cmTC_be81c.dir/build.make:97: recipe for target 'cmTC_be81c' failed
make[1]: *** [cmTC_be81c] Error 1
make[1]: 디렉터리 '/home/user/catkin_ws/build/catkin_tools_prebuild/CMakeFiles/CMakeTmp' 나감
Makefile:126: recipe for target 'cmTC_be81c/fast' failed
make: *** [cmTC_be81c/fast] Error 2


