Determining if the pthread_create exist failed with the following output:
Change Dir: /home/user/catkin_ws/build/ur10_moveit_config/CMakeFiles/CMakeTmp

Run Build Command:"/usr/bin/make" "cmTC_206b0/fast"
/usr/bin/make -f CMakeFiles/cmTC_206b0.dir/build.make CMakeFiles/cmTC_206b0.dir/build
make[1]: Entering directory '/home/user/catkin_ws/build/ur10_moveit_config/CMakeFiles/CMakeTmp'
Building C object CMakeFiles/cmTC_206b0.dir/CheckSymbolExists.c.o
/usr/bin/cc    -o CMakeFiles/cmTC_206b0.dir/CheckSymbolExists.c.o   -c /home/user/catkin_ws/build/ur10_moveit_config/CMakeFiles/CMakeTmp/CheckSymbolExists.c
Linking C executable cmTC_206b0
/usr/bin/cmake -E cmake_link_script CMakeFiles/cmTC_206b0.dir/link.txt --verbose=1
/usr/bin/cc      -rdynamic CMakeFiles/cmTC_206b0.dir/CheckSymbolExists.c.o  -o cmTC_206b0 
CMakeFiles/cmTC_206b0.dir/CheckSymbolExists.c.o: In function `main':
CheckSymbolExists.c:(.text+0x1b): undefined reference to `pthread_create'
collect2: error: ld returned 1 exit status
CMakeFiles/cmTC_206b0.dir/build.make:97: recipe for target 'cmTC_206b0' failed
make[1]: *** [cmTC_206b0] Error 1
make[1]: Leaving directory '/home/user/catkin_ws/build/ur10_moveit_config/CMakeFiles/CMakeTmp'
Makefile:126: recipe for target 'cmTC_206b0/fast' failed
make: *** [cmTC_206b0/fast] Error 2

File /home/user/catkin_ws/build/ur10_moveit_config/CMakeFiles/CMakeTmp/CheckSymbolExists.c:
/* */
#include <pthread.h>

int main(int argc, char** argv)
{
  (void)argv;
#ifndef pthread_create
  return ((int*)(&pthread_create))[argc];
#else
  (void)argc;
  return 0;
#endif
}

Determining if the function pthread_create exists in the pthreads failed with the following output:
Change Dir: /home/user/catkin_ws/build/ur10_moveit_config/CMakeFiles/CMakeTmp

Run Build Command:"/usr/bin/make" "cmTC_2953f/fast"
/usr/bin/make -f CMakeFiles/cmTC_2953f.dir/build.make CMakeFiles/cmTC_2953f.dir/build
make[1]: Entering directory '/home/user/catkin_ws/build/ur10_moveit_config/CMakeFiles/CMakeTmp'
Building C object CMakeFiles/cmTC_2953f.dir/CheckFunctionExists.c.o
/usr/bin/cc   -DCHECK_FUNCTION_EXISTS=pthread_create   -o CMakeFiles/cmTC_2953f.dir/CheckFunctionExists.c.o   -c /usr/share/cmake-3.10/Modules/CheckFunctionExists.c
Linking C executable cmTC_2953f
/usr/bin/cmake -E cmake_link_script CMakeFiles/cmTC_2953f.dir/link.txt --verbose=1
/usr/bin/cc  -DCHECK_FUNCTION_EXISTS=pthread_create    -rdynamic CMakeFiles/cmTC_2953f.dir/CheckFunctionExists.c.o  -o cmTC_2953f -lpthreads 
/usr/bin/ld: cannot find -lpthreads
collect2: error: ld returned 1 exit status
CMakeFiles/cmTC_2953f.dir/build.make:97: recipe for target 'cmTC_2953f' failed
make[1]: *** [cmTC_2953f] Error 1
make[1]: Leaving directory '/home/user/catkin_ws/build/ur10_moveit_config/CMakeFiles/CMakeTmp'
Makefile:126: recipe for target 'cmTC_2953f/fast' failed
make: *** [cmTC_2953f/fast] Error 2


