Determining if the pthread_create exist failed with the following output:
Change Dir: /home/user/catkin_ws/build/iiwa_14_r820_robot_gazebo/CMakeFiles/CMakeTmp

Run Build Command:"/usr/bin/make" "cmTC_a472b/fast"
/usr/bin/make -f CMakeFiles/cmTC_a472b.dir/build.make CMakeFiles/cmTC_a472b.dir/build
make[1]: Entering directory '/home/user/catkin_ws/build/iiwa_14_r820_robot_gazebo/CMakeFiles/CMakeTmp'
Building C object CMakeFiles/cmTC_a472b.dir/CheckSymbolExists.c.o
/usr/bin/cc    -o CMakeFiles/cmTC_a472b.dir/CheckSymbolExists.c.o   -c /home/user/catkin_ws/build/iiwa_14_r820_robot_gazebo/CMakeFiles/CMakeTmp/CheckSymbolExists.c
Linking C executable cmTC_a472b
/usr/bin/cmake -E cmake_link_script CMakeFiles/cmTC_a472b.dir/link.txt --verbose=1
/usr/bin/cc      -rdynamic CMakeFiles/cmTC_a472b.dir/CheckSymbolExists.c.o  -o cmTC_a472b 
CMakeFiles/cmTC_a472b.dir/CheckSymbolExists.c.o: In function `main':
CheckSymbolExists.c:(.text+0x1b): undefined reference to `pthread_create'
collect2: error: ld returned 1 exit status
CMakeFiles/cmTC_a472b.dir/build.make:97: recipe for target 'cmTC_a472b' failed
make[1]: *** [cmTC_a472b] Error 1
make[1]: Leaving directory '/home/user/catkin_ws/build/iiwa_14_r820_robot_gazebo/CMakeFiles/CMakeTmp'
Makefile:126: recipe for target 'cmTC_a472b/fast' failed
make: *** [cmTC_a472b/fast] Error 2

File /home/user/catkin_ws/build/iiwa_14_r820_robot_gazebo/CMakeFiles/CMakeTmp/CheckSymbolExists.c:
/* */
#include <pthread.h>

int main(int argc, char** argv)
{
  (void)argv;
#ifndef pthread_create
  return ((int*)(&pthread_create))[argc];
#else
  (void)argc;
  return 0;
#endif
}

Determining if the function pthread_create exists in the pthreads failed with the following output:
Change Dir: /home/user/catkin_ws/build/iiwa_14_r820_robot_gazebo/CMakeFiles/CMakeTmp

Run Build Command:"/usr/bin/make" "cmTC_5d598/fast"
/usr/bin/make -f CMakeFiles/cmTC_5d598.dir/build.make CMakeFiles/cmTC_5d598.dir/build
make[1]: Entering directory '/home/user/catkin_ws/build/iiwa_14_r820_robot_gazebo/CMakeFiles/CMakeTmp'
Building C object CMakeFiles/cmTC_5d598.dir/CheckFunctionExists.c.o
/usr/bin/cc   -DCHECK_FUNCTION_EXISTS=pthread_create   -o CMakeFiles/cmTC_5d598.dir/CheckFunctionExists.c.o   -c /usr/share/cmake-3.10/Modules/CheckFunctionExists.c
Linking C executable cmTC_5d598
/usr/bin/cmake -E cmake_link_script CMakeFiles/cmTC_5d598.dir/link.txt --verbose=1
/usr/bin/cc  -DCHECK_FUNCTION_EXISTS=pthread_create    -rdynamic CMakeFiles/cmTC_5d598.dir/CheckFunctionExists.c.o  -o cmTC_5d598 -lpthreads 
/usr/bin/ld: cannot find -lpthreads
collect2: error: ld returned 1 exit status
CMakeFiles/cmTC_5d598.dir/build.make:97: recipe for target 'cmTC_5d598' failed
make[1]: *** [cmTC_5d598] Error 1
make[1]: Leaving directory '/home/user/catkin_ws/build/iiwa_14_r820_robot_gazebo/CMakeFiles/CMakeTmp'
Makefile:126: recipe for target 'cmTC_5d598/fast' failed
make: *** [cmTC_5d598/fast] Error 2


