Determining if the pthread_create exist failed with the following output:
Change Dir: /home/user/catkin_ws/build/moveit_tutorials/CMakeFiles/CMakeTmp

Run Build Command:"/usr/bin/make" "cmTC_fff76/fast"
/usr/bin/make -f CMakeFiles/cmTC_fff76.dir/build.make CMakeFiles/cmTC_fff76.dir/build
make[1]: Entering directory '/home/user/catkin_ws/build/moveit_tutorials/CMakeFiles/CMakeTmp'
Building C object CMakeFiles/cmTC_fff76.dir/CheckSymbolExists.c.o
/usr/bin/cc    -o CMakeFiles/cmTC_fff76.dir/CheckSymbolExists.c.o   -c /home/user/catkin_ws/build/moveit_tutorials/CMakeFiles/CMakeTmp/CheckSymbolExists.c
Linking C executable cmTC_fff76
/usr/bin/cmake -E cmake_link_script CMakeFiles/cmTC_fff76.dir/link.txt --verbose=1
/usr/bin/cc      -rdynamic CMakeFiles/cmTC_fff76.dir/CheckSymbolExists.c.o  -o cmTC_fff76 
CMakeFiles/cmTC_fff76.dir/CheckSymbolExists.c.o: In function `main':
CheckSymbolExists.c:(.text+0x1b): undefined reference to `pthread_create'
collect2: error: ld returned 1 exit status
CMakeFiles/cmTC_fff76.dir/build.make:97: recipe for target 'cmTC_fff76' failed
make[1]: *** [cmTC_fff76] Error 1
make[1]: Leaving directory '/home/user/catkin_ws/build/moveit_tutorials/CMakeFiles/CMakeTmp'
Makefile:126: recipe for target 'cmTC_fff76/fast' failed
make: *** [cmTC_fff76/fast] Error 2

File /home/user/catkin_ws/build/moveit_tutorials/CMakeFiles/CMakeTmp/CheckSymbolExists.c:
/* */
#include <pthread.h>

int main(int argc, char** argv)
{
  (void)argv;
#ifndef pthread_create
  return ((int*)(&pthread_create))[argc];
#else
  (void)argc;
  return 0;
#endif
}

Determining if the function pthread_create exists in the pthreads failed with the following output:
Change Dir: /home/user/catkin_ws/build/moveit_tutorials/CMakeFiles/CMakeTmp

Run Build Command:"/usr/bin/make" "cmTC_48a89/fast"
/usr/bin/make -f CMakeFiles/cmTC_48a89.dir/build.make CMakeFiles/cmTC_48a89.dir/build
make[1]: Entering directory '/home/user/catkin_ws/build/moveit_tutorials/CMakeFiles/CMakeTmp'
Building C object CMakeFiles/cmTC_48a89.dir/CheckFunctionExists.c.o
/usr/bin/cc   -DCHECK_FUNCTION_EXISTS=pthread_create   -o CMakeFiles/cmTC_48a89.dir/CheckFunctionExists.c.o   -c /usr/share/cmake-3.10/Modules/CheckFunctionExists.c
Linking C executable cmTC_48a89
/usr/bin/cmake -E cmake_link_script CMakeFiles/cmTC_48a89.dir/link.txt --verbose=1
/usr/bin/cc  -DCHECK_FUNCTION_EXISTS=pthread_create    -rdynamic CMakeFiles/cmTC_48a89.dir/CheckFunctionExists.c.o  -o cmTC_48a89 -lpthreads 
/usr/bin/ld: cannot find -lpthreads
collect2: error: ld returned 1 exit status
CMakeFiles/cmTC_48a89.dir/build.make:97: recipe for target 'cmTC_48a89' failed
make[1]: *** [cmTC_48a89] Error 1
make[1]: Leaving directory '/home/user/catkin_ws/build/moveit_tutorials/CMakeFiles/CMakeTmp'
Makefile:126: recipe for target 'cmTC_48a89/fast' failed
make: *** [cmTC_48a89/fast] Error 2


